# JRE version: OpenJDK Runtime Environment (11.0.13) (build 11.0.13+0-b1751.21-8125866)
# Java VM: OpenJDK 64-Bit Server VM (11.0.13+0-b1751.21-8125866, mixed mode, tiered, compressed oops, g1 gc, windows-amd64)
Heap:
 garbage-first heap   total 131072K, used 74360K [0x00000000a0000000, 0x0000000100000000)
  region size 1024K, 59 young (60416K), 4 survivors (4096K)
 Metaspace       used 32299K, capacity 33004K, committed 33148K, reserved 1077248K
  class space    used 4194K, capacity 4483K, committed 4556K, reserved 1048576K
GC Heap History (10 events):
Event: 1.232 GC heap before
{Heap before GC invocations=0 (full 0):
 garbage-first heap   total 131072K, used 16384K [0x00000000a0000000, 0x0000000100000000)
  region size 1024K, 14 young (14336K), 0 survivors (0K)
 Metaspace       used 6793K, capacity 7001K, committed 7168K, reserved 1056768K
  class space    used 576K, capacity 650K, committed 768K, reserved 1048576K
}
Event: 1.287 GC heap after
{Heap after GC invocations=1 (full 0):
 garbage-first heap   total 131072K, used 4023K [0x00000000a0000000, 0x0000000100000000)
  region size 1024K, 2 young (2048K), 2 survivors (2048K)
 Metaspace       used 6793K, capacity 7001K, committed 7168K, reserved 1056768K
  class space    used 576K, capacity 650K, committed 768K, reserved 1048576K
}
Event: 12.877 GC heap before
{Heap before GC invocations=1 (full 0):
 garbage-first heap   total 131072K, used 82871K [0x00000000a0000000, 0x0000000100000000)
  region size 1024K, 76 young (77824K), 2 survivors (2048K)
 Metaspace       used 16135K, capacity 16459K, committed 16640K, reserved 1064960K
  class space    used 1816K, capacity 1933K, committed 2048K, reserved 1048576K
}
Event: 12.926 GC heap after
{Heap after GC invocations=2 (full 0):
 garbage-first heap   total 131072K, used 15404K [0x00000000a0000000, 0x0000000100000000)
  region size 1024K, 10 young (10240K), 10 survivors (10240K)
 Metaspace       used 16135K, capacity 16459K, committed 16640K, reserved 1064960K
  class space    used 1816K, capacity 1933K, committed 2048K, reserved 1048576K
}
Event: 13.718 GC heap before
{Heap before GC invocations=2 (full 0):
 garbage-first heap   total 131072K, used 43052K [0x00000000a0000000, 0x0000000100000000)
  region size 1024K, 37 young (37888K), 10 survivors (10240K)
 Metaspace       used 19549K, capacity 19963K, committed 20224K, reserved 1067008K
  class space    used 2348K, capacity 2506K, committed 2560K, reserved 1048576K
}
Event: 13.731 GC heap after
{Heap after GC invocations=3 (full 0):
 garbage-first heap   total 131072K, used 17122K [0x00000000a0000000, 0x0000000100000000)
  region size 1024K, 2 young (2048K), 2 survivors (2048K)
 Metaspace       used 19549K, capacity 19963K, committed 20224K, reserved 1067008K
  class space    used 2348K, capacity 2506K, committed 2560K, reserved 1048576K
}
Event: 14.047 GC heap before
{Heap before GC invocations=3 (full 0):
 garbage-first heap   total 131072K, used 23266K [0x00000000a0000000, 0x0000000100000000)
  region size 1024K, 9 young (9216K), 2 survivors (2048K)
 Metaspace       used 20689K, capacity 21138K, committed 21296K, reserved 1069056K
  class space    used 2480K, capacity 2626K, committed 2688K, reserved 1048576K
}
Event: 14.052 GC heap after
{Heap after GC invocations=4 (full 0):
 garbage-first heap   total 131072K, used 17200K [0x00000000a0000000, 0x0000000100000000)
  region size 1024K, 2 young (2048K), 2 survivors (2048K)
 Metaspace       used 20689K, capacity 21138K, committed 21296K, reserved 1069056K
  class space    used 2480K, capacity 2626K, committed 2688K, reserved 1048576K
}
Event: 15.753 GC heap before
{Heap before GC invocations=5 (full 0):
 garbage-first heap   total 131072K, used 70448K [0x00000000a0000000, 0x0000000100000000)
  region size 1024K, 54 young (55296K), 2 survivors (2048K)
 Metaspace       used 26369K, capacity 26962K, committed 27132K, reserved 1073152K
  class space    used 3375K, capacity 3574K, committed 3660K, reserved 1048576K
}
Event: 15.764 GC heap after
{Heap after GC invocations=6 (full 0):
 garbage-first heap   total 131072K, used 19064K [0x00000000a0000000, 0x0000000100000000)
  region size 1024K, 4 young (4096K), 4 survivors (4096K)
 Metaspace       used 26369K, capacity 26962K, committed 27132K, reserved 1073152K
  class space    used 3375K, capacity 3574K, committed 3660K, reserved 1048576K
}

