# JRE version: OpenJDK Runtime Environment (11.0.13) (build 11.0.13+0-b1751.21-8125866)
# Java VM: OpenJDK 64-Bit Server VM (11.0.13+0-b1751.21-8125866, mixed mode, tiered, compressed oops, g1 gc, windows-amd64)
Heap:
 garbage-first heap   total 131072K, used 50613K [0x00000000a0000000, 0x0000000100000000)
  region size 1024K, 35 young (35840K), 7 survivors (7168K)
 Metaspace       used 37168K, capacity 38056K, committed 38224K, reserved 1083392K
  class space    used 4694K, capacity 5035K, committed 5120K, reserved 1048576K
GC Heap History (14 events):
Event: 1.175 GC heap before
{Heap before GC invocations=0 (full 0):
 garbage-first heap   total 131072K, used 16384K [0x00000000a0000000, 0x0000000100000000)
  region size 1024K, 14 young (14336K), 0 survivors (0K)
 Metaspace       used 6796K, capacity 7001K, committed 7168K, reserved 1056768K
  class space    used 576K, capacity 650K, committed 768K, reserved 1048576K
}
Event: 1.226 GC heap after
{Heap after GC invocations=1 (full 0):
 garbage-first heap   total 131072K, used 4021K [0x00000000a0000000, 0x0000000100000000)
  region size 1024K, 2 young (2048K), 2 survivors (2048K)
 Metaspace       used 6796K, capacity 7001K, committed 7168K, reserved 1056768K
  class space    used 576K, capacity 650K, committed 768K, reserved 1048576K
}
Event: 5.443 GC heap before
{Heap before GC invocations=1 (full 0):
 garbage-first heap   total 131072K, used 82869K [0x00000000a0000000, 0x0000000100000000)
  region size 1024K, 76 young (77824K), 2 survivors (2048K)
 Metaspace       used 16096K, capacity 16459K, committed 16640K, reserved 1064960K
  class space    used 1812K, capacity 1933K, committed 2048K, reserved 1048576K
}
Event: 5.470 GC heap after
{Heap after GC invocations=2 (full 0):
 garbage-first heap   total 131072K, used 15889K [0x00000000a0000000, 0x0000000100000000)
  region size 1024K, 10 young (10240K), 10 survivors (10240K)
 Metaspace       used 16096K, capacity 16459K, committed 16640K, reserved 1064960K
  class space    used 1812K, capacity 1933K, committed 2048K, reserved 1048576K
}
Event: 5.963 GC heap before
{Heap before GC invocations=2 (full 0):
 garbage-first heap   total 131072K, used 27153K [0x00000000a0000000, 0x0000000100000000)
  region size 1024K, 21 young (21504K), 10 survivors (10240K)
 Metaspace       used 17651K, capacity 18047K, committed 18176K, reserved 1064960K
  class space    used 2057K, capacity 2209K, committed 2304K, reserved 1048576K
}
Event: 5.979 GC heap after
{Heap after GC invocations=3 (full 0):
 garbage-first heap   total 131072K, used 16746K [0x00000000a0000000, 0x0000000100000000)
  region size 1024K, 1 young (1024K), 1 survivors (1024K)
 Metaspace       used 17651K, capacity 18047K, committed 18176K, reserved 1064960K
  class space    used 2057K, capacity 2209K, committed 2304K, reserved 1048576K
}
Event: 6.717 GC heap before
{Heap before GC invocations=3 (full 0):
 garbage-first heap   total 131072K, used 39274K [0x00000000a0000000, 0x0000000100000000)
  region size 1024K, 24 young (24576K), 1 survivors (1024K)
 Metaspace       used 20677K, capacity 21170K, committed 21296K, reserved 1069056K
  class space    used 2481K, capacity 2658K, committed 2688K, reserved 1048576K
}
Event: 6.726 GC heap after
{Heap after GC invocations=4 (full 0):
 garbage-first heap   total 131072K, used 17468K [0x00000000a0000000, 0x0000000100000000)
  region size 1024K, 2 young (2048K), 2 survivors (2048K)
 Metaspace       used 20677K, capacity 21170K, committed 21296K, reserved 1069056K
  class space    used 2481K, capacity 2658K, committed 2688K, reserved 1048576K
}
Event: 8.515 GC heap before
{Heap before GC invocations=5 (full 0):
 garbage-first heap   total 131072K, used 59452K [0x00000000a0000000, 0x0000000100000000)
  region size 1024K, 43 young (44032K), 2 survivors (2048K)
 Metaspace       used 24687K, capacity 25193K, committed 25264K, reserved 1071104K
  class space    used 3129K, capacity 3319K, committed 3328K, reserved 1048576K
}
Event: 8.523 GC heap after
{Heap after GC invocations=6 (full 0):
 garbage-first heap   total 131072K, used 18918K [0x00000000a0000000, 0x0000000100000000)
  region size 1024K, 3 young (3072K), 3 survivors (3072K)
 Metaspace       used 24687K, capacity 25193K, committed 25264K, reserved 1071104K
  class space    used 3129K, capacity 3319K, committed 3328K, reserved 1048576K
}
Event: 10.028 GC heap before
{Heap before GC invocations=6 (full 0):
 garbage-first heap   total 131072K, used 70118K [0x00000000a0000000, 0x0000000100000000)
  region size 1024K, 53 young (54272K), 3 survivors (3072K)
 Metaspace       used 29512K, capacity 30229K, committed 30512K, reserved 1075200K
  class space    used 3861K, capacity 4111K, committed 4224K, reserved 1048576K
}
Event: 10.035 GC heap after
{Heap after GC invocations=7 (full 0):
 garbage-first heap   total 131072K, used 20577K [0x00000000a0000000, 0x0000000100000000)
  region size 1024K, 5 young (5120K), 5 survivors (5120K)
 Metaspace       used 29512K, capacity 30229K, committed 30512K, reserved 1075200K
  class space    used 3861K, capacity 4111K, committed 4224K, reserved 1048576K
}
Event: 11.498 GC heap before
{Heap before GC invocations=7 (full 0):
 garbage-first heap   total 131072K, used 43105K [0x00000000a0000000, 0x0000000100000000)
  region size 1024K, 28 young (28672K), 5 survivors (5120K)
 Metaspace       used 35025K, capacity 35788K, committed 35920K, reserved 1081344K
  class space    used 4458K, capacity 4774K, committed 4864K, reserved 1048576K
}
Event: 11.512 GC heap after
{Heap after GC invocations=8 (full 0):
 garbage-first heap   total 131072K, used 22965K [0x00000000a0000000, 0x0000000100000000)
  region size 1024K, 7 young (7168K), 7 survivors (7168K)
 Metaspace       used 35025K, capacity 35788K, committed 35920K, reserved 1081344K
  class space    used 4458K, capacity 4774K, committed 4864K, reserved 1048576K
}

