# JRE version: OpenJDK Runtime Environment (11.0.13) (build 11.0.13+0-b1751.21-8125866)
# Java VM: OpenJDK 64-Bit Server VM (11.0.13+0-b1751.21-8125866, mixed mode, tiered, compressed oops, g1 gc, windows-amd64)
Heap:
 garbage-first heap   total 131072K, used 42021K [0x00000000a0000000, 0x0000000100000000)
  region size 1024K, 29 young (29696K), 6 survivors (6144K)
 Metaspace       used 28039K, capacity 28627K, committed 28720K, reserved 1077248K
  class space    used 3630K, capacity 3877K, committed 3968K, reserved 1048576K
GC Heap History (10 events):
Event: 0.818 GC heap before
{Heap before GC invocations=0 (full 0):
 garbage-first heap   total 131072K, used 16384K [0x00000000a0000000, 0x0000000100000000)
  region size 1024K, 14 young (14336K), 0 survivors (0K)
 Metaspace       used 6788K, capacity 6993K, committed 7168K, reserved 1056768K
  class space    used 576K, capacity 650K, committed 768K, reserved 1048576K
}
Event: 0.826 GC heap after
{Heap after GC invocations=1 (full 0):
 garbage-first heap   total 131072K, used 4025K [0x00000000a0000000, 0x0000000100000000)
  region size 1024K, 2 young (2048K), 2 survivors (2048K)
 Metaspace       used 6788K, capacity 6993K, committed 7168K, reserved 1056768K
  class space    used 576K, capacity 650K, committed 768K, reserved 1048576K
}
Event: 8.987 GC heap before
{Heap before GC invocations=1 (full 0):
 garbage-first heap   total 131072K, used 60345K [0x00000000a0000000, 0x0000000100000000)
  region size 1024K, 54 young (55296K), 2 survivors (2048K)
 Metaspace       used 11022K, capacity 11281K, committed 11520K, reserved 1058816K
  class space    used 1125K, capacity 1211K, committed 1280K, reserved 1048576K
}
Event: 8.997 GC heap after
{Heap after GC invocations=2 (full 0):
 garbage-first heap   total 131072K, used 14392K [0x00000000a0000000, 0x0000000100000000)
  region size 1024K, 7 young (7168K), 7 survivors (7168K)
 Metaspace       used 11022K, capacity 11281K, committed 11520K, reserved 1058816K
  class space    used 1125K, capacity 1211K, committed 1280K, reserved 1048576K
}
Event: 11.198 GC heap before
{Heap before GC invocations=2 (full 0):
 garbage-first heap   total 131072K, used 59448K [0x00000000a0000000, 0x0000000100000000)
  region size 1024K, 51 young (52224K), 7 survivors (7168K)
 Metaspace       used 19265K, capacity 19626K, committed 19968K, reserved 1067008K
  class space    used 2302K, capacity 2440K, committed 2560K, reserved 1048576K
}
Event: 11.238 GC heap after
{Heap after GC invocations=3 (full 0):
 garbage-first heap   total 131072K, used 17138K [0x00000000a0000000, 0x0000000100000000)
  region size 1024K, 3 young (3072K), 3 survivors (3072K)
 Metaspace       used 19265K, capacity 19626K, committed 19968K, reserved 1067008K
  class space    used 2302K, capacity 2440K, committed 2560K, reserved 1048576K
}
Event: 11.655 GC heap before
{Heap before GC invocations=3 (full 0):
 garbage-first heap   total 131072K, used 28402K [0x00000000a0000000, 0x0000000100000000)
  region size 1024K, 15 young (15360K), 3 survivors (3072K)
 Metaspace       used 20666K, capacity 21162K, committed 21296K, reserved 1069056K
  class space    used 2481K, capacity 2658K, committed 2688K, reserved 1048576K
}
Event: 11.663 GC heap after
{Heap after GC invocations=4 (full 0):
 garbage-first heap   total 131072K, used 17633K [0x00000000a0000000, 0x0000000100000000)
  region size 1024K, 4 young (4096K), 4 survivors (4096K)
 Metaspace       used 20666K, capacity 21162K, committed 21296K, reserved 1069056K
  class space    used 2481K, capacity 2658K, committed 2688K, reserved 1048576K
}
Event: 13.608 GC heap before
{Heap before GC invocations=5 (full 0):
 garbage-first heap   total 131072K, used 68833K [0x00000000a0000000, 0x0000000100000000)
  region size 1024K, 54 young (55296K), 4 survivors (4096K)
 Metaspace       used 26080K, capacity 26599K, committed 26800K, reserved 1073152K
  class space    used 3347K, capacity 3541K, committed 3584K, reserved 1048576K
}
Event: 13.616 GC heap after
{Heap after GC invocations=6 (full 0):
 garbage-first heap   total 131072K, used 19493K [0x00000000a0000000, 0x0000000100000000)
  region size 1024K, 6 young (6144K), 6 survivors (6144K)
 Metaspace       used 26080K, capacity 26599K, committed 26800K, reserved 1073152K
  class space    used 3347K, capacity 3541K, committed 3584K, reserved 1048576K
}

