# JRE version: OpenJDK Runtime Environment (11.0.13) (build 11.0.13+0-b1751.21-8125866)
# Java VM: OpenJDK 64-Bit Server VM (11.0.13+0-b1751.21-8125866, mixed mode, tiered, compressed oops, g1 gc, windows-amd64)
Heap:
 garbage-first heap   total 227328K, used 158567K [0x00000000a0000000, 0x0000000100000000)
  region size 1024K, 4 young (4096K), 3 survivors (3072K)
 Metaspace       used 97799K, capacity 101964K, committed 102096K, reserved 1136640K
  class space    used 12767K, capacity 14080K, committed 14112K, reserved 1048576K
GC Heap History (20 events):
Event: 62.525 GC heap before
{Heap before GC invocations=85 (full 0):
 garbage-first heap   total 157696K, used 142537K [0x00000000a0000000, 0x0000000100000000)
  region size 1024K, 7 young (7168K), 1 survivors (1024K)
 Metaspace       used 94847K, capacity 98676K, committed 98768K, reserved 1134592K
  class space    used 12340K, capacity 13555K, committed 13600K, reserved 1048576K
}
Event: 62.536 GC heap after
{Heap after GC invocations=86 (full 0):
 garbage-first heap   total 157696K, used 138609K [0x00000000a0000000, 0x0000000100000000)
  region size 1024K, 1 young (1024K), 1 survivors (1024K)
 Metaspace       used 94847K, capacity 98676K, committed 98768K, reserved 1134592K
  class space    used 12340K, capacity 13555K, committed 13600K, reserved 1048576K
}
Event: 62.969 GC heap before
{Heap before GC invocations=86 (full 0):
 garbage-first heap   total 157696K, used 144753K [0x00000000a0000000, 0x0000000100000000)
  region size 1024K, 7 young (7168K), 1 survivors (1024K)
 Metaspace       used 94985K, capacity 98854K, committed 99024K, reserved 1134592K
  class space    used 12351K, capacity 13573K, committed 13600K, reserved 1048576K
}
Event: 62.983 GC heap after
{Heap after GC invocations=87 (full 0):
 garbage-first heap   total 189440K, used 140753K [0x00000000a0000000, 0x0000000100000000)
  region size 1024K, 1 young (1024K), 1 survivors (1024K)
 Metaspace       used 94985K, capacity 98854K, committed 99024K, reserved 1134592K
  class space    used 12351K, capacity 13573K, committed 13600K, reserved 1048576K
}
Event: 63.640 GC heap before
{Heap before GC invocations=88 (full 0):
 garbage-first heap   total 189440K, used 152017K [0x00000000a0000000, 0x0000000100000000)
  region size 1024K, 13 young (13312K), 1 survivors (1024K)
 Metaspace       used 95213K, capacity 99091K, committed 99408K, reserved 1134592K
  class space    used 12382K, capacity 13626K, committed 13728K, reserved 1048576K
}
Event: 63.657 GC heap after
{Heap after GC invocations=89 (full 0):
 garbage-first heap   total 189440K, used 143753K [0x00000000a0000000, 0x0000000100000000)
  region size 1024K, 2 young (2048K), 2 survivors (2048K)
 Metaspace       used 95213K, capacity 99091K, committed 99408K, reserved 1134592K
  class space    used 12382K, capacity 13626K, committed 13728K, reserved 1048576K
}
Event: 64.218 GC heap before
{Heap before GC invocations=89 (full 0):
 garbage-first heap   total 189440K, used 156041K [0x00000000a0000000, 0x0000000100000000)
  region size 1024K, 14 young (14336K), 2 survivors (2048K)
 Metaspace       used 95330K, capacity 99288K, committed 99408K, reserved 1134592K
  class space    used 12392K, capacity 13627K, committed 13728K, reserved 1048576K
}
Event: 64.237 GC heap after
{Heap after GC invocations=90 (full 0):
 garbage-first heap   total 189440K, used 147424K [0x00000000a0000000, 0x0000000100000000)
  region size 1024K, 2 young (2048K), 2 survivors (2048K)
 Metaspace       used 95330K, capacity 99288K, committed 99408K, reserved 1134592K
  class space    used 12392K, capacity 13627K, committed 13728K, reserved 1048576K
}
Event: 65.454 GC heap before
{Heap before GC invocations=90 (full 0):
 garbage-first heap   total 189440K, used 158688K [0x00000000a0000000, 0x0000000100000000)
  region size 1024K, 13 young (13312K), 2 survivors (2048K)
 Metaspace       used 95573K, capacity 99547K, committed 99664K, reserved 1134592K
  class space    used 12417K, capacity 13664K, committed 13728K, reserved 1048576K
}
Event: 65.470 GC heap after
{Heap after GC invocations=91 (full 0):
 garbage-first heap   total 189440K, used 149935K [0x00000000a0000000, 0x0000000100000000)
  region size 1024K, 2 young (2048K), 2 survivors (2048K)
 Metaspace       used 95573K, capacity 99547K, committed 99664K, reserved 1134592K
  class space    used 12417K, capacity 13664K, committed 13728K, reserved 1048576K
}
Event: 65.908 GC heap before
{Heap before GC invocations=92 (full 0):
 garbage-first heap   total 189440K, used 160175K [0x00000000a0000000, 0x0000000100000000)
  region size 1024K, 12 young (12288K), 2 survivors (2048K)
 Metaspace       used 95798K, capacity 99755K, committed 99920K, reserved 1136640K
  class space    used 12450K, capacity 13710K, committed 13728K, reserved 1048576K
}
Event: 65.925 GC heap after
{Heap after GC invocations=93 (full 0):
 garbage-first heap   total 227328K, used 151298K [0x00000000a0000000, 0x0000000100000000)
  region size 1024K, 2 young (2048K), 2 survivors (2048K)
 Metaspace       used 95798K, capacity 99755K, committed 99920K, reserved 1136640K
  class space    used 12450K, capacity 13710K, committed 13728K, reserved 1048576K
}
Event: 66.855 GC heap before
{Heap before GC invocations=93 (full 0):
 garbage-first heap   total 227328K, used 170754K [0x00000000a0000000, 0x0000000100000000)
  region size 1024K, 22 young (22528K), 2 survivors (2048K)
 Metaspace       used 96414K, capacity 100415K, committed 100560K, reserved 1136640K
  class space    used 12533K, capacity 13776K, committed 13856K, reserved 1048576K
}
Event: 66.869 GC heap after
{Heap after GC invocations=94 (full 0):
 garbage-first heap   total 227328K, used 153600K [0x00000000a0000000, 0x0000000100000000)
  region size 1024K, 3 young (3072K), 3 survivors (3072K)
 Metaspace       used 96414K, capacity 100415K, committed 100560K, reserved 1136640K
  class space    used 12533K, capacity 13776K, committed 13856K, reserved 1048576K
}
Event: 68.523 GC heap before
{Heap before GC invocations=95 (full 0):
 garbage-first heap   total 227328K, used 175104K [0x00000000a0000000, 0x0000000100000000)
  region size 1024K, 24 young (24576K), 3 survivors (3072K)
 Metaspace       used 97234K, capacity 101306K, committed 101456K, reserved 1136640K
  class space    used 12678K, capacity 13967K, committed 13984K, reserved 1048576K
}
Event: 68.542 GC heap after
{Heap after GC invocations=96 (full 0):
 garbage-first heap   total 227328K, used 156507K [0x00000000a0000000, 0x0000000100000000)
  region size 1024K, 3 young (3072K), 3 survivors (3072K)
 Metaspace       used 97234K, capacity 101306K, committed 101456K, reserved 1136640K
  class space    used 12678K, capacity 13967K, committed 13984K, reserved 1048576K
}
Event: 69.357 GC heap before
{Heap before GC invocations=96 (full 0):
 garbage-first heap   total 227328K, used 178011K [0x00000000a0000000, 0x0000000100000000)
  region size 1024K, 24 young (24576K), 3 survivors (3072K)
 Metaspace       used 97239K, capacity 101308K, committed 101456K, reserved 1136640K
  class space    used 12678K, capacity 13967K, committed 13984K, reserved 1048576K
}
Event: 69.373 GC heap after
{Heap after GC invocations=97 (full 0):
 garbage-first heap   total 227328K, used 157539K [0x00000000a0000000, 0x0000000100000000)
  region size 1024K, 2 young (2048K), 2 survivors (2048K)
 Metaspace       used 97239K, capacity 101308K, committed 101456K, reserved 1136640K
  class space    used 12678K, capacity 13967K, committed 13984K, reserved 1048576K
}
Event: 75.295 GC heap before
{Heap before GC invocations=98 (full 0):
 garbage-first heap   total 227328K, used 181091K [0x00000000a0000000, 0x0000000100000000)
  region size 1024K, 25 young (25600K), 2 survivors (2048K)
 Metaspace       used 97778K, capacity 101964K, committed 102096K, reserved 1136640K
  class space    used 12765K, capacity 14080K, committed 14112K, reserved 1048576K
}
Event: 75.304 GC heap after
{Heap after GC invocations=99 (full 0):
 garbage-first heap   total 227328K, used 158567K [0x00000000a0000000, 0x0000000100000000)
  region size 1024K, 3 young (3072K), 3 survivors (3072K)
 Metaspace       used 97778K, capacity 101964K, committed 102096K, reserved 1136640K
  class space    used 12765K, capacity 14080K, committed 14112K, reserved 1048576K
}

